<?xml version="1.0" encoding="UTF-8"?>
<testsuite xmlns:xsi="http://www.w3.org/2001/XMLSchema-instance" xsi:noNamespaceSchemaLocation="https://maven.apache.org/surefire/maven-surefire-plugin/xsd/surefire-test-report.xsd" version="3.0.2" name="Backend.BackendApplicationTests" time="3.762" tests="1" errors="0" skipped="0" failures="0">
  <properties>
[...]
</properties>
  <testcase name="contextLoads" classname="Backend.BackendApplicationTests" time="0.658">
    <system-out><![CDATA[23:59:51.858 [main] INFO org.springframework.test.context.support.AnnotationConfigContextLoaderUtils -- Could not detect default configuration classes for test class [Backend.BackendApplicationTests]: BackendApplicationTests does not declare any static, non-private, non-final, nested classes annotated with @Configuration.
23:59:51.961 [main] INFO org.springframework.boot.test.context.SpringBootTestContextBootstrapper -- Found @SpringBootConfiguration Backend.BackendApplication for test class Backend.BackendApplicationTests

  .   ____          _            __ _ _
 /\\ / ___'_ __ _ _(_)_ __  __ _ \ \ \ \
( ( )\___ | '_ | '_| | '_ \/ _` | \ \ \ \
 \\/  ___)| |_)| | | | | || (_| |  ) ) ) )
  '  |____| .__|_| |_|_| |_\__, | / / / /
 =========|_|==============|___/=/_/_/_/

 :: Spring Boot ::                (v3.4.5)

2025-05-04T23:59:52.370+05:30  INFO 18212 --- [Backend] [           main] Backend.BackendApplicationTests          : Starting BackendApplicationTests using Java 21.0.6 with PID 18212 (started by Tharu in D:\Edu_Ceylon\Backend)
2025-05-04T23:59:52.371+05:30  INFO 18212 --- [Backend] [           main] Backend.BackendApplicationTests          : No active profile set, falling back to 1 default profile: "default"
2025-05-04T23:59:52.923+05:30  INFO 18212 --- [Backend] [           main] .s.d.r.c.RepositoryConfigurationDelegate : Bootstrapping Spring Data MongoDB repositories in DEFAULT mode.
2025-05-04T23:59:52.989+05:30  INFO 18212 --- [Backend] [           main] .s.d.r.c.RepositoryConfigurationDelegate : Finished Spring Data repository scanning in 57 ms. Found 4 MongoDB repository interfaces.
2025-05-04T23:59:53.508+05:30  INFO 18212 --- [Backend] [           main] org.mongodb.driver.client                : MongoClient with metadata {"application": {"name": "Cluster0"}, "driver": {"name": "mongo-java-driver|sync|spring-boot", "version": "5.2.1"}, "os": {"type": "Windows", "name": "Windows 11", "architecture": "amd64", "version": "10.0"}, "platform": "Java/Oracle Corporation/21.0.6+8-LTS-188"} created with settings MongoClientSettings{readPreference=primary, writeConcern=WriteConcern{w=majority, wTimeout=null ms, journal=null}, retryWrites=true, retryReads=true, readConcern=ReadConcern{level=null}, credential=MongoCredential{mechanism=null, userName='test', source='admin', password=<hidden>, mechanismProperties=<hidden>}, transportSettings=null, commandListeners=[], codecRegistry=ProvidersCodecRegistry{codecProviders=[ValueCodecProvider{}, BsonValueCodecProvider{}, DBRefCodecProvider{}, DBObjectCodecProvider{}, DocumentCodecProvider{}, CollectionCodecProvider{}, IterableCodecProvider{}, MapCodecProvider{}, GeoJsonCodecProvider{}, GridFSFileCodecProvider{}, Jsr310CodecProvider{}, JsonObjectCodecProvider{}, BsonCodecProvider{}, EnumCodecProvider{}, com.mongodb.client.model.mql.ExpressionCodecProvider@6bedd4e4, com.mongodb.Jep395RecordCodecProvider@4570d7b6, com.mongodb.KotlinCodecProvider@72b6832e]}, loggerSettings=LoggerSettings{maxDocumentLength=1000}, clusterSettings={hosts=[127.0.0.1:27017], srvHost=cluster0.vjqukox.mongodb.net, srvServiceName=mongodb, mode=MULTIPLE, requiredClusterType=REPLICA_SET, requiredReplicaSetName='atlas-w6n7hv-shard-0', serverSelector='null', clusterListeners='[]', serverSelectionTimeout='30000 ms', localThreshold='15 ms'}, socketSettings=SocketSettings{connectTimeoutMS=10000, readTimeoutMS=0, receiveBufferSize=0, proxySettings=ProxySettings{host=null, port=null, username=null, password=null}}, heartbeatSocketSettings=SocketSettings{connectTimeoutMS=10000, readTimeoutMS=10000, receiveBufferSize=0, proxySettings=ProxySettings{host=null, port=null, username=null, password=null}}, connectionPoolSettings=ConnectionPoolSettings{maxSize=100, minSize=0, maxWaitTimeMS=120000, maxConnectionLifeTimeMS=0, maxConnectionIdleTimeMS=0, maintenanceInitialDelayMS=0, maintenanceFrequencyMS=60000, connectionPoolListeners=[], maxConnecting=2}, serverSettings=ServerSettings{heartbeatFrequencyMS=10000, minHeartbeatFrequencyMS=500, serverMonitoringMode=AUTO, serverListeners='[]', serverMonitorListeners='[]'}, sslSettings=SslSettings{enabled=true, invalidHostNameAllowed=false, context=null}, applicationName='Cluster0', compressorList=[], uuidRepresentation=JAVA_LEGACY, serverApi=null, autoEncryptionSettings=null, dnsClient=null, inetAddressResolver=null, contextProvider=null, timeoutMS=null}
2025-05-04T23:59:53.535+05:30  INFO 18212 --- [Backend] [kox.mongodb.net] org.mongodb.driver.cluster               : Adding discovered server ac-1hw24vf-shard-00-02.vjqukox.mongodb.net:27017 to client view of cluster
2025-05-04T23:59:53.627+05:30  INFO 18212 --- [Backend] [kox.mongodb.net] org.mongodb.driver.cluster               : Adding discovered server ac-1hw24vf-shard-00-01.vjqukox.mongodb.net:27017 to client view of cluster
2025-05-04T23:59:53.630+05:30  INFO 18212 --- [Backend] [kox.mongodb.net] org.mongodb.driver.cluster               : Adding discovered server ac-1hw24vf-shard-00-00.vjqukox.mongodb.net:27017 to client view of cluster
2025-05-04T23:59:54.510+05:30  INFO 18212 --- [Backend] [ngodb.net:27017] org.mongodb.driver.cluster               : Monitor thread successfully connected to server with description ServerDescription{address=ac-1hw24vf-shard-00-02.vjqukox.mongodb.net:27017, type=REPLICA_SET_SECONDARY, cryptd=false, state=CONNECTED, ok=true, minWireVersion=0, maxWireVersion=25, maxDocumentSize=16777216, logicalSessionTimeoutMinutes=30, roundTripTimeNanos=558815100, minRoundTripTimeNanos=0, setName='atlas-w6n7hv-shard-0', canonicalAddress=ac-1hw24vf-shard-00-02.vjqukox.mongodb.net:27017, hosts=[ac-1hw24vf-shard-00-00.vjqukox.mongodb.net:27017, ac-1hw24vf-shard-00-02.vjqukox.mongodb.net:27017, ac-1hw24vf-shard-00-01.vjqukox.mongodb.net:27017], passives=[], arbiters=[], primary='ac-1hw24vf-shard-00-01.vjqukox.mongodb.net:27017', tagSet=TagSet{[Tag{name='availabilityZone', value='aps1-az2'}, Tag{name='diskState', value='READY'}, Tag{name='nodeType', value='ELECTABLE'}, Tag{name='provider', value='AWS'}, Tag{name='region', value='AP_SOUTH_1'}, Tag{name='workloadType', value='OPERATIONAL'}]}, electionId=null, setVersion=298, topologyVersion=TopologyVersion{processId=68075b252975add0ba5007f4, counter=5}, lastWriteDate=Sun May 04 23:59:55 IST 2025, lastUpdateTimeNanos=13223578098100}
2025-05-04T23:59:54.510+05:30  INFO 18212 --- [Backend] [ngodb.net:27017] org.mongodb.driver.cluster               : Monitor thread successfully connected to server with description ServerDescription{address=ac-1hw24vf-shard-00-00.vjqukox.mongodb.net:27017, type=REPLICA_SET_SECONDARY, cryptd=false, state=CONNECTED, ok=true, minWireVersion=0, maxWireVersion=25, maxDocumentSize=16777216, logicalSessionTimeoutMinutes=30, roundTripTimeNanos=563081200, minRoundTripTimeNanos=0, setName='atlas-w6n7hv-shard-0', canonicalAddress=ac-1hw24vf-shard-00-00.vjqukox.mongodb.net:27017, hosts=[ac-1hw24vf-shard-00-00.vjqukox.mongodb.net:27017, ac-1hw24vf-shard-00-02.vjqukox.mongodb.net:27017, ac-1hw24vf-shard-00-01.vjqukox.mongodb.net:27017], passives=[], arbiters=[], primary='ac-1hw24vf-shard-00-01.vjqukox.mongodb.net:27017', tagSet=TagSet{[Tag{name='availabilityZone', value='aps1-az1'}, Tag{name='diskState', value='READY'}, Tag{name='nodeType', value='ELECTABLE'}, Tag{name='provider', value='AWS'}, Tag{name='region', value='AP_SOUTH_1'}, Tag{name='workloadType', value='OPERATIONAL'}]}, electionId=null, setVersion=298, topologyVersion=TopologyVersion{processId=680759f47117769fba59a804, counter=5}, lastWriteDate=Sun May 04 23:59:55 IST 2025, lastUpdateTimeNanos=13223578098100}
2025-05-04T23:59:54.510+05:30  INFO 18212 --- [Backend] [ngodb.net:27017] org.mongodb.driver.cluster               : Monitor thread successfully connected to server with description ServerDescription{address=ac-1hw24vf-shard-00-01.vjqukox.mongodb.net:27017, type=REPLICA_SET_PRIMARY, cryptd=false, state=CONNECTED, ok=true, minWireVersion=0, maxWireVersion=25, maxDocumentSize=16777216, logicalSessionTimeoutMinutes=30, roundTripTimeNanos=563153900, minRoundTripTimeNanos=0, setName='atlas-w6n7hv-shard-0', canonicalAddress=ac-1hw24vf-shard-00-01.vjqukox.mongodb.net:27017, hosts=[ac-1hw24vf-shard-00-00.vjqukox.mongodb.net:27017, ac-1hw24vf-shard-00-02.vjqukox.mongodb.net:27017, ac-1hw24vf-shard-00-01.vjqukox.mongodb.net:27017], passives=[], arbiters=[], primary='ac-1hw24vf-shard-00-01.vjqukox.mongodb.net:27017', tagSet=TagSet{[Tag{name='availabilityZone', value='aps1-az3'}, Tag{name='diskState', value='READY'}, Tag{name='nodeType', value='ELECTABLE'}, Tag{name='provider', value='AWS'}, Tag{name='region', value='AP_SOUTH_1'}, Tag{name='workloadType', value='OPERATIONAL'}]}, electionId=7fffffff00000000000000f0, setVersion=298, topologyVersion=TopologyVersion{processId=6807592fe5dd416a9d8402ad, counter=9}, lastWriteDate=Sun May 04 23:59:55 IST 2025, lastUpdateTimeNanos=13223578101900}
2025-05-04T23:59:54.520+05:30  INFO 18212 --- [Backend] [ngodb.net:27017] org.mongodb.driver.cluster               : Discovered replica set primary ac-1hw24vf-shard-00-01.vjqukox.mongodb.net:27017 with max election id 7fffffff00000000000000f0 and max set version 298
2025-05-04T23:59:54.789+05:30  INFO 18212 --- [Backend] [           main] Backend.BackendApplicationTests          : Started BackendApplicationTests in 2.683 seconds (process running for 3.547)
]]></system-out>
    <system-err><![CDATA[Mockito is currently self-attaching to enable the inline-mock-maker. This will no longer work in future releases of the JDK. Please add Mockito as an agent to your build what is described in Mockito's documentation: https://javadoc.io/doc/org.mockito/mockito-core/latest/org/mockito/Mockito.html#0.3
WARNING: A Java agent has been loaded dynamically (C:\Users\Tharu\.m2\repository\net\bytebuddy\byte-buddy-agent\1.15.11\byte-buddy-agent-1.15.11.jar)
WARNING: If a serviceability tool is in use, please run with -XX:+EnableDynamicAgentLoading to hide this warning
WARNING: If a serviceability tool is not in use, please run with -Djdk.instrument.traceUsage for more information
WARNING: Dynamic loading of agents will be disallowed by default in a future release
]]></system-err>
  </testcase>
</testsuite>